warning: ignoring unsupported tag `OUTPUT_TEXT_DIRECTION  =' at line 102, file ../Doxyfile
warning: ignoring unsupported tag `JAVADOC_BANNER         =' at line 208, file ../Doxyfile
warning: ignoring unsupported tag `OPTIMIZE_OUTPUT_SLICE  =' at line 306, file ../Doxyfile
warning: ignoring unsupported tag `EXTRACT_PRIV_VIRTUAL   =' at line 482, file ../Doxyfile
warning: ignoring unsupported tag `HTML_DYNAMIC_MENUS     =' at line 1280, file ../Doxyfile
warning: ignoring unsupported tag `FORMULA_MACROFILE      =' at line 1567, file ../Doxyfile
warning: ignoring unsupported tag `LATEX_MAKEINDEX_CMD    =' at line 1751, file ../Doxyfile
warning: ignoring unsupported tag `LATEX_EMOJI_DIRECTORY  =' at line 1893, file ../Doxyfile
warning: ignoring unsupported tag `XML_NS_MEMB_FILE_SCOPE =' at line 2037, file ../Doxyfile
warning: tag INPUT: input source `../Inc' does not exist
warning: tag INPUT: input source `./Src' does not exist
warning: tag INPUT: input source `./Inc' does not exist
warning: tag INPUT: input source `../../Src' does not exist
warning: tag INPUT: input source `../../Inc' does not exist
warning: source ../Inc is not a readable file or directory... skipping.
warning: source ./Src is not a readable file or directory... skipping.
warning: source ./Inc is not a readable file or directory... skipping.
warning: source ../../Src is not a readable file or directory... skipping.
warning: source ../../Inc is not a readable file or directory... skipping.
Searching for include files...
Searching for example files...
Searching for images...
Searching for dot files...
Searching for msc files...
Searching for dia files...
Searching for files to exclude
Searching INPUT for files to process...
Searching for files in directory /home/runner/work/OpenEFI/OpenEFI/Src
Searching for files in directory /home/runner/work/OpenEFI/OpenEFI/Src/helpers
Searching for files in directory /home/runner/work/OpenEFI/OpenEFI/Src/memory
Searching for files in directory /home/runner/work/OpenEFI/OpenEFI/Src/memory/include
Searching for files in directory /home/runner/work/OpenEFI/OpenEFI/Src/memory/src
Searching for files in directory /home/runner/work/OpenEFI/OpenEFI/Src/sensors
Searching for files in directory /home/runner/work/OpenEFI/OpenEFI/Src/sensors/include
Searching for files in directory /home/runner/work/OpenEFI/OpenEFI/Src/sensors/src
Searching for files in directory /home/runner/work/OpenEFI/OpenEFI/Src/sensors/utils
Reading and parsing tag files
Parsing files
Preprocessing /home/runner/work/OpenEFI/OpenEFI/Src/adc.c...
Parsing file /home/runner/work/OpenEFI/OpenEFI/Src/adc.c...
Preprocessing /home/runner/work/OpenEFI/OpenEFI/Src/can.c...
Parsing file /home/runner/work/OpenEFI/OpenEFI/Src/can.c...
Preprocessing /home/runner/work/OpenEFI/OpenEFI/Src/dma.c...
Parsing file /home/runner/work/OpenEFI/OpenEFI/Src/dma.c...
Preprocessing /home/runner/work/OpenEFI/OpenEFI/Src/gpio.c...
Parsing file /home/runner/work/OpenEFI/OpenEFI/Src/gpio.c...
Preprocessing /home/runner/work/OpenEFI/OpenEFI/Src/helpers/timer_schedule.cpp...
Parsing file /home/runner/work/OpenEFI/OpenEFI/Src/helpers/timer_schedule.cpp...
Preprocessing /home/runner/work/OpenEFI/OpenEFI/Src/helpers/timer_schedule.hpp...
Parsing file /home/runner/work/OpenEFI/OpenEFI/Src/helpers/timer_schedule.hpp...
Preprocessing /home/runner/work/OpenEFI/OpenEFI/Src/main.cpp...
Parsing file /home/runner/work/OpenEFI/OpenEFI/Src/main.cpp...
Preprocessing /home/runner/work/OpenEFI/OpenEFI/Src/memory/include/commands.hpp...
Parsing file /home/runner/work/OpenEFI/OpenEFI/Src/memory/include/commands.hpp...
Preprocessing /home/runner/work/OpenEFI/OpenEFI/Src/memory/include/memory.hpp...
Parsing file /home/runner/work/OpenEFI/OpenEFI/Src/memory/include/memory.hpp...
Preprocessing /home/runner/work/OpenEFI/OpenEFI/Src/memory/include/memory_dtc.hpp...
Parsing file /home/runner/work/OpenEFI/OpenEFI/Src/memory/include/memory_dtc.hpp...
Preprocessing /home/runner/work/OpenEFI/OpenEFI/Src/memory/include/memory_immobilizer.hpp...
Parsing file /home/runner/work/OpenEFI/OpenEFI/Src/memory/include/memory_immobilizer.hpp...
Preprocessing /home/runner/work/OpenEFI/OpenEFI/Src/memory/src/memory.cpp...
Parsing file /home/runner/work/OpenEFI/OpenEFI/Src/memory/src/memory.cpp...
Preprocessing /home/runner/work/OpenEFI/OpenEFI/Src/memory/src/memory_dtc.cpp...
Parsing file /home/runner/work/OpenEFI/OpenEFI/Src/memory/src/memory_dtc.cpp...
Preprocessing /home/runner/work/OpenEFI/OpenEFI/Src/memory/src/memory_immobilizer.cpp...
Parsing file /home/runner/work/OpenEFI/OpenEFI/Src/memory/src/memory_immobilizer.cpp...
Preprocessing /home/runner/work/OpenEFI/OpenEFI/Src/sensors/include/iat.hpp...
Parsing file /home/runner/work/OpenEFI/OpenEFI/Src/sensors/include/iat.hpp...
Preprocessing /home/runner/work/OpenEFI/OpenEFI/Src/sensors/include/map.hpp...
Parsing file /home/runner/work/OpenEFI/OpenEFI/Src/sensors/include/map.hpp...
Preprocessing /home/runner/work/OpenEFI/OpenEFI/Src/sensors/include/temp.hpp...
Parsing file /home/runner/work/OpenEFI/OpenEFI/Src/sensors/include/temp.hpp...
Preprocessing /home/runner/work/OpenEFI/OpenEFI/Src/sensors/include/tps.hpp...
Parsing file /home/runner/work/OpenEFI/OpenEFI/Src/sensors/include/tps.hpp...
Preprocessing /home/runner/work/OpenEFI/OpenEFI/Src/sensors/input_handler.cpp...
Parsing file /home/runner/work/OpenEFI/OpenEFI/Src/sensors/input_handler.cpp...
Preprocessing /home/runner/work/OpenEFI/OpenEFI/Src/sensors/input_handler.hpp...
Parsing file /home/runner/work/OpenEFI/OpenEFI/Src/sensors/input_handler.hpp...
Preprocessing /home/ru/home/runner/work/OpenEFI/OpenEFI/Src/main.cpp:4: warning: the name `main.c' supplied as the second argument in the \file statement is not an input file
/home/runner/work/OpenEFI/OpenEFI/Src/stm32f4xx_hal_timebase_tim.c:4: warning: the name `stm32f4xx_hal_timebase_TIM.c' supplied as the second argument in the \file statement is not an input file
/home/runner/work/OpenEFI/OpenEFI/Src/sensors/input_handler.hpp:19: warning: Compound input_handler is not documented.
/home/runner/work/OpenEFI/OpenEFI/Src/sensors/utils/ema.h:16: warning: Compound EMALowPass is not documented.
/home/runner/work/OpenEFI/OpenEFI/Src/sensors/sensors.hpp:27: warning: Compound sensors::SensorValues is not documented.
/home/runner/work/OpenEFI/OpenEFI/Src/sensors/utils/ema.h:10: warning: Compound EMAHighPass is not documented.
nner/work/OpenEFI/OpenEFI/Src/sensors/sensors.cpp...
Parsing file /home/runner/work/OpenEFI/OpenEFI/Src/sensors/sensors.cpp...
Preprocessing /home/runner/work/OpenEFI/OpenEFI/Src/sensors/sensors.hpp...
Parsing file /home/runner/work/OpenEFI/OpenEFI/Src/sensors/sensors.hpp...
Preprocessing /home/runner/work/OpenEFI/OpenEFI/Src/sensors/src/iat.cpp...
Parsing file /home/runner/work/OpenEFI/OpenEFI/Src/sensors/src/iat.cpp...
Preprocessing /home/runner/work/OpenEFI/OpenEFI/Src/sensors/src/map.cpp...
Parsing file /home/runner/work/OpenEFI/OpenEFI/Src/sensors/src/map.cpp...
Preprocessing /home/runner/work/OpenEFI/OpenEFI/Src/sensors/src/temp.cpp...
Parsing file /home/runner/work/OpenEFI/OpenEFI/Src/sensors/src/temp.cpp...
Preprocessing /home/runner/work/OpenEFI/OpenEFI/Src/sensors/src/tps.cpp...
Parsing file /home/runner/work/OpenEFI/OpenEFI/Src/sensors/src/tps.cpp...
Preprocessing /home/runner/work/OpenEFI/OpenEFI/Src/sensors/utils/basic_electronics.c...
Parsing file /home/runner/work/OpenEFI/OpenEFI/Src/sensors/utils/basic_electronics.c...
Preprocessing /home/runner/work/OpenEFI/OpenEFI/Src/sensors/utils/basic_electronics.h...
Parsing file /home/runner/work/OpenEFI/OpenEFI/Src/sensors/utils/basic_electronics.h...
Preprocessing /home/runner/work/OpenEFI/OpenEFI/Src/sensors/utils/ema.c...
Parsing file /home/runner/work/OpenEFI/OpenEFI/Src/sensors/utils/ema.c...
Preprocessing /home/runner/work/OpenEFI/OpenEFI/Src/sensors/utils/ema.h...
Parsing file /home/runner/work/OpenEFI/OpenEFI/Src/sensors/utils/ema.h...
Preprocessing /home/runner/work/OpenEFI/OpenEFI/Src/sensors/utils/sinc.c...
Parsing file /home/runner/work/OpenEFI/OpenEFI/Src/sensors/utils/sinc.c...
Preprocessing /home/runner/work/OpenEFI/OpenEFI/Src/sensors/utils/sinc.h...
Parsing file /home/runner/work/OpenEFI/OpenEFI/Src/sensors/utils/sinc.h...
Preprocessing /home/runner/work/OpenEFI/OpenEFI/Src/spi.c...
Parsing file /home/runner/work/OpenEFI/OpenEFI/Src/spi.c...
Preprocessing /home/runner/work/OpenEFI/OpenEFI/Src/stm32f4xx_hal_msp.c...
Parsing file /home/runner/work/OpenEFI/OpenEFI/Src/stm32f4xx_hal_msp.c...
Preprocessing /home/runner/work/OpenEFI/OpenEFI/Src/stm32f4xx_hal_timebase_tim.c...
Parsing file /home/runner/work/OpenEFI/OpenEFI/Src/stm32f4xx_hal_timebase_tim.c...
Preprocessing /home/runner/work/OpenEFI/OpenEFI/Src/stm32f4xx_it.c...
Parsing file /home/runner/work/OpenEFI/OpenEFI/Src/stm32f4xx_it.c...
Preprocessing /home/runner/work/OpenEFI/OpenEFI/Src/system_stm32f4xx.c...
Parsing file /home/runner/work/OpenEFI/OpenEFI/Src/system_stm32f4xx.c...
Preprocessing /home/runner/work/OpenEFI/OpenEFI/Src/tim.c...
Parsing file /home/runner/work/OpenEFI/OpenEFI/Src/tim.c...
Preprocessing /home/runner/work/OpenEFI/OpenEFI/Src/usb_otg.c...
Parsing file /home/runner/work/OpenEFI/OpenEFI/Src/usb_otg.c...
Building group list...
Building directory list...
Building namespace list...
Building file list...
Building class list...
Associating documentation with classes...
Computing nesting relations for classes...
Building example list...
Searching for enumerations...
Searching for documented typedefs...
Searching for members imported via using declarations...
Searching for included using directives...
Searching for documented variables...
Building interface member list...
Building member list...
Searching for friends...
Searching for documented defines...
Computing class inheritance relations...
Computing class usage relations...
Flushing cached template relations that have become invalid...
Computing class relations...
Add enum values to enums...
Searching for member function documentation...
Creating members for template instances...
Building page list...
Search for main page...
Computing page relations...
Determining the scope of groups...
Sorting lists...
Freeing entry tree
Determining which enums are documented
Computing member relations...
Building full member lists recursively...
Adding members to member groups.
Computing member references...
Inheriting documentation...
Generating disk names...
Adding source references...
Adding xrefitems...
Sorting member lists...
Computin/home/runner/work/OpenEFI/OpenEFI/Src/sensors/utils/ema.h:7: warning: Member EMA_ALPHA (macro definition) of file ema.h is not documented.
/home/runner/work/OpenEFI/OpenEFI/Src/sensors/utils/ema.h:8: warning: Member EMA_LOW_ALPHA (macro definition) of file ema.h is not documented.
/home/runner/work/OpenEFI/OpenEFI/Src/sensors/utils/ema.h:17: warning: Member ema_high_pass_filter(struct EMAHighPass) (function) of file ema.h is not documented.
/home/runner/work/OpenEFI/OpenEFI/Src/sensors/utils/ema.h:21: warning: argument 'in' of command @param is not found in the argument list of EMALowPassFilter(struct EMALowPass)
/home/runner/work/OpenEFI/OpenEFI/Src/sensors/utils/sinc.h:13: warning: Member sinc() (function) of file sinc.h is not documented.
/home/runner/work/OpenEFI/OpenEFI/Src/stm32f4xx_it.c:59: warning: Member hdma_adc1 (variable) of file stm32f4xx_it.c is not documented.
/home/runner/work/OpenEFI/OpenEFI/Src/stm32f4xx_it.c:60: warning: Member hdma_adc2 (variable) of file stm32f4xx_it.c is not documented.
/home/runner/work/OpenEFI/OpenEFI/Src/stm32f4xx_it.c:61: warning: Member htim14 (variable) of file stm32f4xx_it.c is not documented.
/home/runner/work/OpenEFI/OpenEFI/Src/system_stm32f4xx.c:121: warning: Member SystemCoreClock (variable) of group STM32F4xx_System_Private_Variables is not documented.
/home/runner/work/OpenEFI/OpenEFI/Src/system_stm32f4xx.c:122: warning: Member AHBPrescTable[16] (variable) of group STM32F4xx_System_Private_Variables is not documented.
/home/runner/work/OpenEFI/OpenEFI/Src/system_stm32f4xx.c:123: warning: Member APBPrescTable[8] (variable) of group STM32F4xx_System_Private_Variables is not documented.
/home/runner/work/OpenEFI/OpenEFI/Src/system_stm32f4xx.c:121: warning: Member SystemCoreClock (variable) of group STM32F4xx_System_Private_Variables is not documented.
/home/runner/work/OpenEFI/OpenEFI/Src/system_stm32f4xx.c:122: warning: Member AHBPrescTable[16] (variable) of group STM32F4xx_System_Private_Variables is not documented.
/home/runner/work/OpenEFI/OpenEFI/Src/system_stm32f4xx.c:123: warning: Member APBPrescTable[8] (variable) of group STM32F4xx_System_Private_Variables is not documented.
/home/runner/work/OpenEFI/OpenEFI/Src/system_stm32f4xx.c:171: warning: argument 'None' of command @param is not found in the argument list of SystemCoreClockUpdate(void)
/home/runner/work/OpenEFI/OpenEFI/Src/system_stm32f4xx.c:145: warning: argument 'None' of command @param is not found in the argument list of SystemInit(void)
/home/runner/work/OpenEFI/OpenEFI/Src/sensors/utils/ema.h:11: warning: Member lastValue (variable) of class EMAHighPass is not documented.
/home/runner/work/OpenEFI/OpenEFI/Src/sensors/utils/ema.h:12: warning: Member actualValue (variable) of class EMAHighPass is not documented.
/home/runner/work/OpenEFI/OpenEFI/Src/sensors/utils/ema.h:13: warning: Member lastLP (variable) of class EMAHighPass is not documented.
/home/runner/work/OpenEFI/OpenEFI/Src/sensors/utils/ema.h:17: warning: Member lastValue (variable) of class EMALowPass is not documented.
/home/runner/work/OpenEFI/OpenEFI/Src/sensors/utils/ema.h:18: warning: Member actualValue (variable) of class EMALowPass is not documented.
/home/runner/work/OpenEFI/OpenEFI/Src/sensors/input_handler.hpp:34: warning: Member values[16] (variable) of class input_handler is not documented.
/home/runner/work/OpenEFI/OpenEFI/Src/sensors/sensors.hpp:28: warning: Member _TPS (variable) of class sensors::SensorValues is not documented.
/home/runner/work/OpenEFI/OpenEFI/Src/sensors/sensors.hpp:29: warning: Member _MAP (variable) of class sensors::SensorValues is not documented.
/home/runner/work/OpenEFI/OpenEFI/Src/sensors/sensors.hpp:30: warning: Member TEMP (variable) of class sensors::SensorValues is not documented.
/home/runner/work/OpenEFI/OpenEFI/Src/sensors/sensors.hpp:31: warning: Member IAT (variable) of class sensors::SensorValues is not documented.
g dependencies between directories...
Generating citations page...
Counting data structures...
Resolving user defined references...
Finding anchors and sections in the documentation...
Transferring function references...
Combining using relations...
Adding members to index pages...
Generating style sheet...
Generating search indices...
Generating example documentation...
Generating file sources...
Generating code for file /home/runner/work/OpenEFI/OpenEFI/Src/helpers/timer_schedule.hpp...
Generating code for file /home/runner/work/OpenEFI/OpenEFI/Src/memory/include/commands.hpp...
Generating code for file /home/runner/work/OpenEFI/OpenEFI/Src/memory/include/memory.hpp...
Generating code for file /home/runner/work/OpenEFI/OpenEFI/Src/memory/include/memory_dtc.hpp...
Generating code for file /home/runner/work/OpenEFI/OpenEFI/Src/memory/include/memory_immobilizer.hpp...
Generating code for file /home/runner/work/OpenEFI/OpenEFI/Src/sensors/include/iat.hpp...
Generating code for file /home/runner/work/OpenEFI/OpenEFI/Src/sensors/include/map.hpp...
Generating code for file /home/runner/work/OpenEFI/OpenEFI/Src/sensors/include/temp.hpp...
Generating code for file /home/runner/work/OpenEFI/OpenEFI/Src/sensors/include/tps.hpp...
Generating code for file /home/runner/work/OpenEFI/OpenEFI/Src/sensors/input_handler.hpp...
Generating code for file /home/runner/work/OpenEFI/OpenEFI/Src/sensors/sensors.hpp...
Generating code for file /home/runner/work/OpenEFI/OpenEFI/Src/sensors/utils/basic_electronics.h...
Generating code for file /home/runner/work/OpenEFI/OpenEFI/Src/sensors/utils/ema.h...
Generating code for file /home/runner/work/OpenEFI/OpenEFI/Src/sensors/utils/sinc.h...
Generating file documentation...
Generating docs for file /home/runner/work/OpenEFI/OpenEFI/Src/sensors/utils/ema.h...
Generating docs for file /home/runner/work/OpenEFI/OpenEFI/Src/sensors/utils/sinc.h...
Generating docs for file /home/runner/work/OpenEFI/OpenEFI/Src/stm32f4xx_it.c...
Generating docs for file /home/runner/work/OpenEFI/OpenEFI/Src/system_stm32f4xx.c...
Generating page documentation...
Generating group documentation...
Generating class documentation...
Generating docs for compound EMAHighPass...
Generating docs for compound EMALowPass...
Generating docs for compound input_handler...
Generating namespace index...
Generating docs for compound sensors::SensorValues...
Generating graph info page...
Generating directory documentation...
Generating index page...
Generating page index...
Generating module index...
Generating namespace index...
Generating namespace member index...
Generating annotated compound index...
Generating alphabetical compound index...
Generating hierarchical class index...
Generating member index...
Generating file index...
Generating file member index...
Generating example index...
finalizing index lists...
writing tag file...
lookup cache used 67/65536 hits=146 misses=69
finished...
